
2022-11-10 20:09:52 Apache Commons Daemon procrun stderr initialized.
10-Nov-2022 20:10:18.475 INFO [main] org.apache.catalina.startup.VersionLoggerListener.log Server version name:   Apache Tomcat/10.0.27
10-Nov-2022 20:10:18.488 INFO [main] org.apache.catalina.startup.VersionLoggerListener.log Server built:          Oct 3 2022 14:18:31 UTC
10-Nov-2022 20:10:18.490 INFO [main] org.apache.catalina.startup.VersionLoggerListener.log Server version number: 10.0.27.0
10-Nov-2022 20:10:18.490 INFO [main] org.apache.catalina.startup.VersionLoggerListener.log OS Name:               Windows 10
10-Nov-2022 20:10:18.510 INFO [main] org.apache.catalina.startup.VersionLoggerListener.log Версия ОС:             10.0
10-Nov-2022 20:10:18.511 INFO [main] org.apache.catalina.startup.VersionLoggerListener.log Архитектура:           amd64
10-Nov-2022 20:10:18.511 INFO [main] org.apache.catalina.startup.VersionLoggerListener.log Java Home:             C:\Program Files\BellSoft\LibericaJDK-11
10-Nov-2022 20:10:18.511 INFO [main] org.apache.catalina.startup.VersionLoggerListener.log Версия JVM:            11.0.16.1+1-LTS
10-Nov-2022 20:10:18.511 INFO [main] org.apache.catalina.startup.VersionLoggerListener.log JVM Vendor:            BellSoft
10-Nov-2022 20:10:18.512 INFO [main] org.apache.catalina.startup.VersionLoggerListener.log CATALINA_BASE:         C:\Program Files\Apache Software Foundation\Tomcat 10.0
10-Nov-2022 20:10:18.512 INFO [main] org.apache.catalina.startup.VersionLoggerListener.log CATALINA_HOME:         C:\Program Files\Apache Software Foundation\Tomcat 10.0
10-Nov-2022 20:10:18.822 INFO [main] org.apache.catalina.startup.VersionLoggerListener.log Command line argument: -Dcatalina.home=C:\Program Files\Apache Software Foundation\Tomcat 10.0
10-Nov-2022 20:10:18.825 INFO [main] org.apache.catalina.startup.VersionLoggerListener.log Command line argument: -Dcatalina.base=C:\Program Files\Apache Software Foundation\Tomcat 10.0
10-Nov-2022 20:10:18.830 INFO [main] org.apache.catalina.startup.VersionLoggerListener.log Command line argument: -Djava.io.tmpdir=C:\Program Files\Apache Software Foundation\Tomcat 10.0\temp
10-Nov-2022 20:10:18.831 INFO [main] org.apache.catalina.startup.VersionLoggerListener.log Command line argument: -Djava.util.logging.manager=org.apache.juli.ClassLoaderLogManager
10-Nov-2022 20:10:18.831 INFO [main] org.apache.catalina.startup.VersionLoggerListener.log Command line argument: -Djava.util.logging.config.file=C:\Program Files\Apache Software Foundation\Tomcat 10.0\conf\logging.properties
10-Nov-2022 20:10:18.832 INFO [main] org.apache.catalina.startup.VersionLoggerListener.log Command line argument: --add-opens=java.base/java.lang=ALL-UNNAMED
10-Nov-2022 20:10:18.832 INFO [main] org.apache.catalina.startup.VersionLoggerListener.log Command line argument: --add-opens=java.base/java.io=ALL-UNNAMED
10-Nov-2022 20:10:18.833 INFO [main] org.apache.catalina.startup.VersionLoggerListener.log Command line argument: --add-opens=java.rmi/sun.rmi.transport=ALL-UNNAMED
10-Nov-2022 20:10:18.833 INFO [main] org.apache.catalina.startup.VersionLoggerListener.log Command line argument: exit
10-Nov-2022 20:10:18.833 INFO [main] org.apache.catalina.startup.VersionLoggerListener.log Command line argument: abort
10-Nov-2022 20:10:18.834 INFO [main] org.apache.catalina.startup.VersionLoggerListener.log Command line argument: -Xms128m
10-Nov-2022 20:10:18.834 INFO [main] org.apache.catalina.startup.VersionLoggerListener.log Command line argument: -Xmx256m
10-Nov-2022 20:10:18.945 INFO [main] org.apache.catalina.core.AprLifecycleListener.lifecycleEvent The Apache Tomcat Native library which allows using OpenSSL was not found on the java.library.path: [C:\Program Files\Apache Software Foundation\Tomcat 10.0\bin;C:\Windows\Sun\Java\bin;C:\Windows\system32;C:\Windows;C:\Program Files\BellSoft\LibericaJDK-11\\bin;C:\Program Files\BellSoft\LibericaJDK-11\bin\;C:\Program Files (x86)\NVIDIA Corporation\PhysX\Common;C:\Windows\system32;C:\Windows;C:\Windows\System32\Wbem;C:\Windows\System32\WindowsPowerShell\v1.0\;C:\Windows\System32\OpenSSH\;C:\Program Files\Git\cmd;C:\apache-maven-3.8.6bin;C:\Windows\ServiceProfiles\LocalService\AppData\Local\Microsoft\WindowsApps;.]
10-Nov-2022 20:10:21.423 INFO [main] org.apache.coyote.AbstractProtocol.init Initializing ProtocolHandler ["http-nio-8080"]
10-Nov-2022 20:10:21.886 SEVERE [main] org.apache.catalina.util.LifecycleBase.handleSubClassException Failed to initialize component [Connector[HTTP/1.1-8080]]
	org.apache.catalina.LifecycleException: Protocol handler initialization failed
		at org.apache.catalina.connector.Connector.initInternal(Connector.java:1055)
		at org.apache.catalina.util.LifecycleBase.init(LifecycleBase.java:136)
		at org.apache.catalina.core.StandardService.initInternal(StandardService.java:556)
		at org.apache.catalina.util.LifecycleBase.init(LifecycleBase.java:136)
		at org.apache.catalina.core.StandardServer.initInternal(StandardServer.java:1045)
		at org.apache.catalina.util.LifecycleBase.init(LifecycleBase.java:136)
		at org.apache.catalina.startup.Catalina.load(Catalina.java:747)
		at org.apache.catalina.startup.Catalina.load(Catalina.java:769)
		at java.base/jdk.internal.reflect.NativeMethodAccessorImpl.invoke0(Native Method)
		at java.base/jdk.internal.reflect.NativeMethodAccessorImpl.invoke(NativeMethodAccessorImpl.java:62)
		at java.base/jdk.internal.reflect.DelegatingMethodAccessorImpl.invoke(DelegatingMethodAccessorImpl.java:43)
		at java.base/java.lang.reflect.Method.invoke(Method.java:566)
		at org.apache.catalina.startup.Bootstrap.load(Bootstrap.java:305)
		at org.apache.catalina.startup.Bootstrap.main(Bootstrap.java:475)
	Caused by: java.net.BindException: Address already in use: bind
		at java.base/sun.nio.ch.Net.bind0(Native Method)
		at java.base/sun.nio.ch.Net.bind(Net.java:459)
		at java.base/sun.nio.ch.Net.bind(Net.java:448)
		at java.base/sun.nio.ch.ServerSocketChannelImpl.bind(ServerSocketChannelImpl.java:227)
		at org.apache.tomcat.util.net.NioEndpoint.initServerSocket(NioEndpoint.java:246)
		at org.apache.tomcat.util.net.NioEndpoint.bind(NioEndpoint.java:201)
		at org.apache.tomcat.util.net.AbstractEndpoint.bindWithCleanup(AbstractEndpoint.java:1192)
		at org.apache.tomcat.util.net.AbstractEndpoint.init(AbstractEndpoint.java:1205)
		at org.apache.coyote.AbstractProtocol.init(AbstractProtocol.java:583)
		at org.apache.coyote.http11.AbstractHttp11Protocol.init(AbstractHttp11Protocol.java:79)
		at org.apache.catalina.connector.Connector.initInternal(Connector.java:1052)
		... 13 more
10-Nov-2022 20:10:21.907 INFO [main] org.apache.catalina.startup.Catalina.load Server initialization in [5532] milliseconds
10-Nov-2022 20:10:22.948 INFO [main] org.apache.catalina.core.StandardService.startInternal Starting service [Catalina]
10-Nov-2022 20:10:22.949 INFO [main] org.apache.catalina.core.StandardEngine.startInternal Starting Servlet engine: [Apache Tomcat/10.0.27]
10-Nov-2022 20:10:23.292 INFO [main] org.apache.catalina.startup.HostConfig.deployWAR Deploying web application archive [C:\Program Files\Apache Software Foundation\Tomcat 10.0\webapps\zooshop4.war]
10-Nov-2022 20:10:32.928 INFO [main] org.apache.jasper.servlet.TldScanner.scanJars At least one JAR was scanned for TLDs yet contained no TLDs. Enable debug logging for this logger for a complete list of JARs that were scanned but no TLDs were found in them. Skipping unneeded JARs during scanning can improve startup time and JSP compilation time.
10-Nov-2022 20:10:33.921 WARNING [main] org.apache.catalina.util.SessionIdGeneratorBase.createSecureRandom Creation of SecureRandom instance for session ID generation using [SHA1PRNG] took [429] milliseconds.
10-Nov-2022 20:10:34.120 INFO [main] org.apache.catalina.startup.HostConfig.deployWAR Deployment of web application archive [C:\Program Files\Apache Software Foundation\Tomcat 10.0\webapps\zooshop4.war] has finished in [10 827] ms
10-Nov-2022 20:10:34.145 INFO [main] org.apache.catalina.startup.HostConfig.deployDirectory Установка веб приложения в папку [C:\Program Files\Apache Software Foundation\Tomcat 10.0\webapps\docs]
10-Nov-2022 20:10:34.251 INFO [main] org.apache.catalina.startup.HostConfig.deployDirectory Deployment of web application directory [C:\Program Files\Apache Software Foundation\Tomcat 10.0\webapps\docs] has finished in [106] ms
10-Nov-2022 20:10:34.261 INFO [main] org.apache.catalina.startup.HostConfig.deployDirectory Установка веб приложения в папку [C:\Program Files\Apache Software Foundation\Tomcat 10.0\webapps\host-manager]
10-Nov-2022 20:10:34.658 INFO [main] org.apache.catalina.startup.HostConfig.deployDirectory Deployment of web application directory [C:\Program Files\Apache Software Foundation\Tomcat 10.0\webapps\host-manager] has finished in [396] ms
10-Nov-2022 20:10:34.683 INFO [main] org.apache.catalina.startup.HostConfig.deployDirectory Установка веб приложения в папку [C:\Program Files\Apache Software Foundation\Tomcat 10.0\webapps\manager]
10-Nov-2022 20:10:34.899 INFO [main] org.apache.catalina.startup.HostConfig.deployDirectory Deployment of web application directory [C:\Program Files\Apache Software Foundation\Tomcat 10.0\webapps\manager] has finished in [216] ms
10-Nov-2022 20:10:34.900 INFO [main] org.apache.catalina.startup.HostConfig.deployDirectory Установка веб приложения в папку [C:\Program Files\Apache Software Foundation\Tomcat 10.0\webapps\ROOT]
10-Nov-2022 20:10:35.003 INFO [main] org.apache.catalina.startup.HostConfig.deployDirectory Deployment of web application directory [C:\Program Files\Apache Software Foundation\Tomcat 10.0\webapps\ROOT] has finished in [102] ms
10-Nov-2022 20:10:35.040 INFO [main] org.apache.catalina.startup.Catalina.start Server startup in [13132] milliseconds
